<?xml version="1.0" encoding="UTF-8"?>
<!-- Generated by org.testng.reporters.JUnitXMLReporter -->
<testsuite hostname="ULTRON" ignored="0" name="Command line test" tests="3" failures="0" timestamp="07 Sep 2018 11:57:38 GMT" time="93.153" errors="0">
  <testcase name="verifyContactsLableTest" time="0.063" classname="com.crm.qa.testcases.ContactsPageTest"/>
  <testcase name="veriftHomePageTitleTest" time="0.01" classname="com.crm.qa.testcases.HomePageTest"/>
  <testcase name="loginPageTitleTest" time="0.045" classname="com.crm.qa.testcases.LoginPageTest"/>
</testsuite> <!-- Command line test -->
